<?xml version="1.0" encoding="UTF-8"?>
<!-- Generated by org.testng.reporters.JUnitReportReporter -->
<testsuite hostname="DESKTOP-D9TQMBK" failures="0" tests="3" name="Test_Ng.CrossBrowserScript" time="153.640" errors="0" timestamp="2025-04-18T15:51:36 WAT" skipped="0">
  <testcase classname="Test_Ng.CrossBrowserScript" name="TestFreeCrmLogin" time="40.442"/>
  <testcase classname="Test_Ng.CrossBrowserScript" name="TestFreeCrmLogin" time="36.297"/>
  <testcase classname="Test_Ng.CrossBrowserScript" name="TestFreeCrmLogin" time="76.901"/>
</testsuite> <!-- Test_Ng.CrossBrowserScript -->
