<?xml version="1.0" encoding="UTF-8"?>
<!-- Generated by org.testng.reporters.JUnitReportReporter -->
<testsuite hostname="DESKTOP-D9TQMBK" failures="0" tests="2" name="Test_Ng.TestCases" time="49.676" errors="0" timestamp="2025-04-13T21:22:22 WAT" skipped="0">
  <testcase classname="Test_Ng.TestCases" name="Login" time="49.624"/>
  <testcase classname="Test_Ng.TestCases" name="TestToFail" time="0.052"/>
</testsuite> <!-- Test_Ng.TestCases -->
